# JRE version: OpenJDK Runtime Environment (8.0_102-b14) (build 1.8.0_102-8u102-b14.1-1~bpo8+1-b14)
# Java VM: OpenJDK 64-Bit Server VM (25.102-b14 mixed mode linux-amd64 compressed oops)
Heap:
 PSYoungGen      total 7416832K, used 1903655K [0x0000000580100000, 0x00000007f5a00000, 0x0000000800000000)
  eden space 7407104K, 25% used [0x0000000580100000,0x00000005f3af0568,0x0000000744280000)
  from space 9728K, 95% used [0x00000007f1680000,0x00000007f1f99920,0x00000007f2000000)
  to   space 37376K, 0% used [0x00000007f3580000,0x00000007f3580000,0x00000007f5a00000)
 ParOldGen       total 1398272K, used 31227K [0x0000000080200000, 0x00000000d5780000, 0x0000000580100000)
  object space 1398272K, 2% used [0x0000000080200000,0x000000008207ef78,0x00000000d5780000)
 Metaspace       used 14324K, capacity 14546K, committed 14976K, reserved 1062912K
  class space    used 1516K, capacity 1589K, committed 1664K, reserved 1048576K
GC Heap History (10 events):
Event: 72.361 GC heap before
{Heap before GC invocations=13 (full 0):
 PSYoungGen      total 9436672K, used 9436230K [0x0000000580100000, 0x00000007fb380000, 0x0000000800000000)
  eden space 9426944K, 100% used [0x0000000580100000,0x00000007bf700000,0x00000007bf700000)
  from space 9728K, 95% used [0x00000007faa00000,0x00000007fb311890,0x00000007fb380000)
  to   space 44544K, 0% used [0x00000007f5c80000,0x00000007f5c80000,0x00000007f8800000)
 ParOldGen       total 1398272K, used 24110K [0x0000000080200000, 0x00000000d5780000, 0x0000000580100000)
  object space 1398272K, 1% used [0x0000000080200000,0x000000008198b870,0x00000000d5780000)
 Metaspace       used 14324K, capacity 14546K, committed 14976K, reserved 1062912K
  class space    used 1516K, capacity 1589K, committed 1664K, reserved 1048576K
Event: 72.382 GC heap after
Heap after GC invocations=13 (full 0):
 PSYoungGen      total 8990208K, used 9654K [0x0000000580100000, 0x00000007faa80000, 0x0000000800000000)
  eden space 8980480K, 0% used [0x0000000580100000,0x0000000580100000,0x00000007a4300000)
  from space 9728K, 99% used [0x00000007f5c80000,0x00000007f65ed920,0x00000007f6600000)
  to   space 43008K, 0% used [0x00000007f8080000,0x00000007f8080000,0x00000007faa80000)
 ParOldGen       total 1398272K, used 25422K [0x0000000080200000, 0x00000000d5780000, 0x0000000580100000)
  object space 1398272K, 1% used [0x0000000080200000,0x0000000081ad3870,0x00000000d5780000)
 Metaspace       used 14324K, capacity 14546K, committed 14976K, reserved 1062912K
  class space    used 1516K, capacity 1589K, committed 1664K, reserved 1048576K
}
Event: 80.056 GC heap before
{Heap before GC invocations=14 (full 0):
 PSYoungGen      total 8990208K, used 8990134K [0x0000000580100000, 0x00000007faa80000, 0x0000000800000000)
  eden space 8980480K, 100% used [0x0000000580100000,0x00000007a4300000,0x00000007a4300000)
  from space 9728K, 99% used [0x00000007f5c80000,0x00000007f65ed920,0x00000007f6600000)
  to   space 43008K, 0% used [0x00000007f8080000,0x00000007f8080000,0x00000007faa80000)
 ParOldGen       total 1398272K, used 25422K [0x0000000080200000, 0x00000000d5780000, 0x0000000580100000)
  object space 1398272K, 1% used [0x0000000080200000,0x0000000081ad3870,0x00000000d5780000)
 Metaspace       used 14324K, capacity 14546K, committed 14976K, reserved 1062912K
  class space    used 1516K, capacity 1589K, committed 1664K, reserved 1048576K
Event: 80.074 GC heap after
Heap after GC invocations=14 (full 0):
 PSYoungGen      total 8565760K, used 8770K [0x0000000580100000, 0x00000007f8980000, 0x0000000800000000)
  eden space 8556544K, 0% used [0x0000000580100000,0x0000000580100000,0x000000078a500000)
  from space 9216K, 95% used [0x00000007f8080000,0x00000007f89108c8,0x00000007f8980000)
  to   space 41984K, 0% used [0x00000007f3780000,0x00000007f3780000,0x00000007f6080000)
 ParOldGen       total 1398272K, used 27322K [0x0000000080200000, 0x00000000d5780000, 0x0000000580100000)
  object space 1398272K, 1% used [0x0000000080200000,0x0000000081cae8d8,0x00000000d5780000)
 Metaspace       used 14324K, capacity 14546K, committed 14976K, reserved 1062912K
  class space    used 1516K, capacity 1589K, committed 1664K, reserved 1048576K
}
Event: 88.015 GC heap before
{Heap before GC invocations=15 (full 0):
 PSYoungGen      total 8565760K, used 8565314K [0x0000000580100000, 0x00000007f8980000, 0x0000000800000000)
  eden space 8556544K, 100% used [0x0000000580100000,0x000000078a500000,0x000000078a500000)
  from space 9216K, 95% used [0x00000007f8080000,0x00000007f89108c8,0x00000007f8980000)
  to   space 41984K, 0% used [0x00000007f3780000,0x00000007f3780000,0x00000007f6080000)
 ParOldGen       total 1398272K, used 27322K [0x0000000080200000, 0x00000000d5780000, 0x0000000580100000)
  object space 1398272K, 1% used [0x0000000080200000,0x0000000081cae988,0x00000000d5780000)
 Metaspace       used 14324K, capacity 14546K, committed 14976K, reserved 1062912K
  class space    used 1516K, capacity 1589K, committed 1664K, reserved 1048576K
Event: 88.032 GC heap after
Heap after GC invocations=15 (full 0):
 PSYoungGen      total 8162816K, used 9142K [0x0000000580100000, 0x00000007f8100000, 0x0000000800000000)
  eden space 8153600K, 0% used [0x0000000580100000,0x0000000580100000,0x0000000771b80000)
  from space 9216K, 99% used [0x00000007f3780000,0x00000007f406d848,0x00000007f4080000)
  to   space 40448K, 0% used [0x00000007f5980000,0x00000007f5980000,0x00000007f8100000)
 ParOldGen       total 1398272K, used 28442K [0x0000000080200000, 0x00000000d5780000, 0x0000000580100000)
  object space 1398272K, 2% used [0x0000000080200000,0x0000000081dc6988,0x00000000d5780000)
 Metaspace       used 14324K, capacity 14546K, committed 14976K, reserved 1062912K
  class space    used 1516K, capacity 1589K, committed 1664K, reserved 1048576K
}
Event: 92.030 GC heap before
{Heap before GC invocations=16 (full 0):
 PSYoungGen      total 8162816K, used 8162742K [0x0000000580100000, 0x00000007f8100000, 0x0000000800000000)
  eden space 8153600K, 100% used [0x0000000580100000,0x0000000771b80000,0x0000000771b80000)
  from space 9216K, 99% used [0x00000007f3780000,0x00000007f406d848,0x00000007f4080000)
  to   space 40448K, 0% used [0x00000007f5980000,0x00000007f5980000,0x00000007f8100000)
 ParOldGen       total 1398272K, used 28445K [0x0000000080200000, 0x00000000d5780000, 0x0000000580100000)
  object space 1398272K, 2% used [0x0000000080200000,0x0000000081dc7460,0x00000000d5780000)
 Metaspace       used 14324K, capacity 14546K, committed 14976K, reserved 1062912K
  class space    used 1516K, capacity 1589K, committed 1664K, reserved 1048576K
Event: 92.049 GC heap after
Heap after GC invocations=16 (full 0):
 PSYoungGen      total 7779840K, used 9122K [0x0000000580100000, 0x00000007f6280000, 0x0000000800000000)
  eden space 7770624K, 0% used [0x0000000580100000,0x0000000580100000,0x000000075a580000)
  from space 9216K, 98% used [0x00000007f5980000,0x00000007f6268910,0x00000007f6280000)
  to   space 38912K, 0% used [0x00000007f1680000,0x00000007f1680000,0x00000007f3c80000)
 ParOldGen       total 1398272K, used 30194K [0x0000000080200000, 0x00000000d5780000, 0x0000000580100000)
  object space 1398272K, 2% used [0x0000000080200000,0x0000000081f7c988,0x00000000d5780000)
 Metaspace       used 14324K, capacity 14546K, committed 14976K, reserved 1062912K
  class space    used 1516K, capacity 1589K, committed 1664K, reserved 1048576K
}
Event: 98.361 GC heap before
{Heap before GC invocations=17 (full 0):
 PSYoungGen      total 7779840K, used 7779746K [0x0000000580100000, 0x00000007f6280000, 0x0000000800000000)
  eden space 7770624K, 100% used [0x0000000580100000,0x000000075a580000,0x000000075a580000)
  from space 9216K, 98% used [0x00000007f5980000,0x00000007f6268910,0x00000007f6280000)
  to   space 38912K, 0% used [0x00000007f1680000,0x00000007f1680000,0x00000007f3c80000)
 ParOldGen       total 1398272K, used 30195K [0x0000000080200000, 0x00000000d5780000, 0x0000000580100000)
  object space 1398272K, 2% used [0x0000000080200000,0x0000000081f7cf78,0x00000000d5780000)
 Metaspace       used 14324K, capacity 14546K, committed 14976K, reserved 1062912K
  class space    used 1516K, capacity 1589K, committed 1664K, reserved 1048576K
Event: 98.379 GC heap after
Heap after GC invocations=17 (full 0):
 PSYoungGen      total 7416832K, used 9318K [0x0000000580100000, 0x00000007f5a00000, 0x0000000800000000)
  eden space 7407104K, 0% used [0x0000000580100000,0x0000000580100000,0x0000000744280000)
  from space 9728K, 95% used [0x00000007f1680000,0x00000007f1f99920,0x00000007f2000000)
  to   space 37376K, 0% used [0x00000007f3580000,0x00000007f3580000,0x00000007f5a00000)
 ParOldGen       total 1398272K, used 31227K [0x0000000080200000, 0x00000000d5780000, 0x0000000580100000)
  object space 1398272K, 2% used [0x0000000080200000,0x000000008207ef78,0x00000000d5780000)
 Metaspace       used 14324K, capacity 14546K, committed 14976K, reserved 1062912K
  class space    used 1516K, capacity 1589K, committed 1664K, reserved 1048576K
}

